2025-06-02 09:34:34,663 - INFO - Módulo EasyXML importado com sucesso
2025-06-02 09:34:46,951 - INFO - Iniciando processamento de notas fiscais XML
2025-06-02 09:34:46,953 - INFO - Iniciando processamento do arquivo 102505_01012022_31032025.XML
2025-06-02 09:34:46,972 - INFO - Arquivo 102505_01012022_31032025.XML aberto, iniciando parse XML
2025-06-02 09:34:49,127 - INFO - Parse XML concluído para 102505_01012022_31032025.XML
2025-06-02 09:34:49,127 - INFO - Arquivo 102505_01012022_31032025.XML é uma NFSe de Serviço Prestado
2025-06-02 09:34:49,127 - INFO - Arquivo 102505_01012022_31032025.XML contém 9884 notas fiscais
2025-06-02 09:34:49,131 - INFO - Processadas 500 de 9884 notas (5.1%) - Tempo decorrido: 0.0s - Tempo restante estimado: 0 segundos
2025-06-02 09:34:49,135 - INFO - Processadas 1000 de 9884 notas (10.1%) - Tempo decorrido: 0.0s - Tempo restante estimado: 0 segundos
2025-06-02 09:34:49,139 - INFO - Processadas 1500 de 9884 notas (15.2%) - Tempo decorrido: 0.0s - Tempo restante estimado: 0 segundos
2025-06-02 09:34:49,143 - INFO - Processadas 2000 de 9884 notas (20.2%) - Tempo decorrido: 0.0s - Tempo restante estimado: 0 segundos
2025-06-02 09:34:49,148 - INFO - Processadas 2500 de 9884 notas (25.3%) - Tempo decorrido: 0.0s - Tempo restante estimado: 0 segundos
2025-06-02 09:34:49,151 - INFO - Processadas 3000 de 9884 notas (30.4%) - Tempo decorrido: 0.0s - Tempo restante estimado: 0 segundos
2025-06-02 09:34:49,155 - INFO - Processadas 3500 de 9884 notas (35.4%) - Tempo decorrido: 0.0s - Tempo restante estimado: 0 segundos
2025-06-02 09:34:49,159 - INFO - Processadas 4000 de 9884 notas (40.5%) - Tempo decorrido: 0.0s - Tempo restante estimado: 0 segundos
2025-06-02 09:34:49,164 - INFO - Processadas 4500 de 9884 notas (45.5%) - Tempo decorrido: 0.0s - Tempo restante estimado: 0 segundos
2025-06-02 09:34:49,168 - INFO - Processadas 5000 de 9884 notas (50.6%) - Tempo decorrido: 0.0s - Tempo restante estimado: 0 segundos
2025-06-02 09:34:49,171 - INFO - Processadas 5500 de 9884 notas (55.6%) - Tempo decorrido: 0.0s - Tempo restante estimado: 0 segundos
2025-06-02 09:34:49,175 - INFO - Processadas 6000 de 9884 notas (60.7%) - Tempo decorrido: 0.0s - Tempo restante estimado: 0 segundos
2025-06-02 09:34:49,180 - INFO - Processadas 6500 de 9884 notas (65.8%) - Tempo decorrido: 0.1s - Tempo restante estimado: 0 segundos
2025-06-02 09:34:49,185 - INFO - Processadas 7000 de 9884 notas (70.8%) - Tempo decorrido: 0.1s - Tempo restante estimado: 0 segundos
2025-06-02 09:34:49,189 - INFO - Processadas 7500 de 9884 notas (75.9%) - Tempo decorrido: 0.1s - Tempo restante estimado: 0 segundos
2025-06-02 09:34:49,194 - INFO - Processadas 8000 de 9884 notas (80.9%) - Tempo decorrido: 0.1s - Tempo restante estimado: 0 segundos
2025-06-02 09:34:49,204 - INFO - Processadas 8500 de 9884 notas (86.0%) - Tempo decorrido: 0.1s - Tempo restante estimado: 0 segundos
2025-06-02 09:34:49,209 - INFO - Processadas 9000 de 9884 notas (91.1%) - Tempo decorrido: 0.1s - Tempo restante estimado: 0 segundos
2025-06-02 09:34:49,213 - INFO - Processadas 9500 de 9884 notas (96.1%) - Tempo decorrido: 0.1s - Tempo restante estimado: 0 segundos
2025-06-02 09:34:49,217 - INFO - Processamento concluído. 9884 notas processadas em 0.1 segundos
2025-06-02 09:34:51,900 - INFO - Arquivo Excel salvo com sucesso: Notas_Processadas\NotasFiscais.xlsx
2025-06-02 09:34:56,362 - INFO - Formatação adicional aplicada com sucesso
2025-06-02 09:34:56,362 - INFO - Arquivo Excel gerado com sucesso: Notas_Processadas\NotasFiscais.xlsx
